2017-04-26 12:41:25,059 [Worker-2] INFO  c.g.t.t.d.PublishedGradleVersions - Gradle version information cache is up-to-date. Trying to read.
2017-04-26 12:48:47,988 [Worker-1] INFO  c.g.t.t.d.PublishedGradleVersions - Gradle version information cache is up-to-date. Trying to read.
2017-04-26 13:06:18,530 [Worker-2] INFO  c.g.t.t.d.PublishedGradleVersions - Gradle version information cache is up-to-date. Trying to read.
2017-04-26 13:50:41,608 [Worker-3] INFO  c.g.t.t.d.PublishedGradleVersions - Gradle version information cache is up-to-date. Trying to read.
2017-04-27 04:59:13,042 [Worker-2] INFO  c.g.t.t.d.PublishedGradleVersions - Gradle version information cache is out-of-date. Trying to update.
2017-04-27 05:19:22,448 [Worker-1] INFO  c.g.t.t.d.PublishedGradleVersions - Gradle version information cache is up-to-date. Trying to read.
2017-04-27 05:58:10,759 [Worker-1] INFO  c.g.t.t.d.PublishedGradleVersions - Gradle version information cache is up-to-date. Trying to read.
2017-04-28 09:13:37,624 [Worker-1] INFO  c.g.t.t.d.PublishedGradleVersions - Gradle version information cache is out-of-date. Trying to update.
2017-04-28 15:14:04,887 [Worker-1] INFO  c.g.t.t.d.PublishedGradleVersions - Gradle version information cache is up-to-date. Trying to read.
2017-04-28 16:51:26,278 [Worker-0] INFO  c.g.t.t.d.PublishedGradleVersions - Gradle version information cache is up-to-date. Trying to read.
2017-04-28 21:32:42,577 [Worker-1] INFO  c.g.t.t.d.PublishedGradleVersions - Gradle version information cache is up-to-date. Trying to read.
2017-04-29 08:36:08,171 [Worker-2] INFO  c.g.t.t.d.PublishedGradleVersions - Gradle version information cache is up-to-date. Trying to read.
2017-04-30 13:56:38,211 [Worker-2] INFO  c.g.t.t.d.PublishedGradleVersions - Gradle version information cache is out-of-date. Trying to update.
2017-04-30 14:02:27,554 [Worker-3] INFO  c.g.t.t.d.PublishedGradleVersions - Gradle version information cache is up-to-date. Trying to read.
2017-04-30 14:55:02,892 [Start Help Server] INFO  org.eclipse.jetty.util.log - Logging initialized @3212090ms
2017-04-30 14:55:03,921 [Start Help Server] INFO  org.eclipse.jetty.server.Server - jetty-9.3.9.v20160517
2017-04-30 14:55:04,051 [Start Help Server] INFO  o.e.j.server.handler.ContextHandler - Started o.e.j.s.ServletContextHandler@425b7000{/help,null,AVAILABLE}
2017-04-30 14:55:04,139 [Start Help Server] INFO  o.e.jetty.server.AbstractConnector - Started ServerConnector@66c86821{HTTP/1.1,[http/1.1]}{127.0.0.1:61113}
2017-04-30 14:55:04,140 [Start Help Server] INFO  org.eclipse.jetty.server.Server - Started @3213338ms
2017-04-30 15:17:02,212 [Stop Help Server] INFO  o.e.jetty.server.AbstractConnector - Stopped ServerConnector@66c86821{HTTP/1.1,[http/1.1]}{127.0.0.1:0}
2017-04-30 15:17:02,238 [Stop Help Server] INFO  o.e.j.server.handler.ContextHandler - Stopped o.e.j.s.ServletContextHandler@425b7000{/help,null,UNAVAILABLE}
2017-04-30 15:22:35,578 [Worker-1] INFO  c.g.t.t.d.PublishedGradleVersions - Gradle version information cache is up-to-date. Trying to read.
